# JRE version: Java(TM) SE Runtime Environment (17.0.10+11) (build 17.0.10+11-LTS-240)
# Java VM: Java HotSpot(TM) 64-Bit Server VM (17.0.10+11-LTS-240, mixed mode, emulated-client, sharing, tiered, compressed oops, compressed class ptrs, g1 gc, windows-amd64)
GC Precious Log:
 CPUs: 16 total, 16 available
 Memory: 15790M
 Large Page Support: Disabled
 NUMA Support: Disabled
 Compressed Oops: Enabled (Zero based)
 Heap Region Size: 2M
 Heap Min Capacity: 8M
 Heap Initial Capacity: 248M
 Heap Max Capacity: 3948M
 Pre-touch: Disabled
 Parallel Workers: 13
 Concurrent Workers: 3
 Concurrent Refinement Workers: 13
 Periodic GC: Disabled
Heap:
 garbage-first heap   total 163840K, used 126429K [0x0000000709400000, 0x0000000800000000)
  region size 2048K, 32 young (65536K), 4 survivors (8192K)
 Metaspace       used 92341K, committed 93568K, reserved 1179648K
  class space    used 13410K, committed 13952K, reserved 1048576K
GC Heap History (20 events):
Event: 2962.314 GC heap after
{Heap after GC invocations=34 (full 0):
 garbage-first heap   total 169984K, used 55806K [0x0000000709400000, 0x0000000800000000)
  region size 2048K, 4 young (8192K), 4 survivors (8192K)
 Metaspace       used 88667K, committed 89728K, reserved 1179648K
  class space    used 12983K, committed 13504K, reserved 1048576K
}
Event: 3271.628 GC heap before
{Heap before GC invocations=34 (full 0):
 garbage-first heap   total 169984K, used 141822K [0x0000000709400000, 0x0000000800000000)
  region size 2048K, 46 young (94208K), 4 survivors (8192K)
 Metaspace       used 88755K, committed 89792K, reserved 1179648K
  class space    used 13001K, committed 13504K, reserved 1048576K
}
Event: 3271.633 GC heap after
{Heap after GC invocations=35 (full 0):
 garbage-first heap   total 169984K, used 55997K [0x0000000709400000, 0x0000000800000000)
  region size 2048K, 3 young (6144K), 3 survivors (6144K)
 Metaspace       used 88755K, committed 89792K, reserved 1179648K
  class space    used 13001K, committed 13504K, reserved 1048576K
}
Event: 3575.186 GC heap before
{Heap before GC invocations=35 (full 0):
 garbage-first heap   total 169984K, used 144061K [0x0000000709400000, 0x0000000800000000)
  region size 2048K, 46 young (94208K), 3 survivors (6144K)
 Metaspace       used 88825K, committed 89920K, reserved 1179648K
  class space    used 13014K, committed 13568K, reserved 1048576K
}
Event: 3575.189 GC heap after
{Heap after GC invocations=36 (full 0):
 garbage-first heap   total 169984K, used 55699K [0x0000000709400000, 0x0000000800000000)
  region size 2048K, 3 young (6144K), 3 survivors (6144K)
 Metaspace       used 88825K, committed 89920K, reserved 1179648K
  class space    used 13014K, committed 13568K, reserved 1048576K
}
Event: 3598.408 GC heap before
{Heap before GC invocations=36 (full 0):
 garbage-first heap   total 169984K, used 61843K [0x0000000709400000, 0x0000000800000000)
  region size 2048K, 7 young (14336K), 3 survivors (6144K)
 Metaspace       used 88924K, committed 90048K, reserved 1179648K
  class space    used 13035K, committed 13568K, reserved 1048576K
}
Event: 3598.520 GC heap after
{Heap after GC invocations=37 (full 1):
 garbage-first heap   total 163840K, used 43238K [0x0000000709400000, 0x0000000800000000)
  region size 2048K, 0 young (0K), 0 survivors (0K)
 Metaspace       used 88506K, committed 90048K, reserved 1179648K
  class space    used 12946K, committed 13568K, reserved 1048576K
}
Event: 3599.933 GC heap before
{Heap before GC invocations=37 (full 1):
 garbage-first heap   total 163840K, used 135398K [0x0000000709400000, 0x0000000800000000)
  region size 2048K, 46 young (94208K), 0 survivors (0K)
 Metaspace       used 89261K, committed 90304K, reserved 1179648K
  class space    used 13039K, committed 13568K, reserved 1048576K
}
Event: 3599.941 GC heap after
{Heap after GC invocations=38 (full 1):
 garbage-first heap   total 163840K, used 51381K [0x0000000709400000, 0x0000000800000000)
  region size 2048K, 4 young (8192K), 4 survivors (8192K)
 Metaspace       used 89261K, committed 90304K, reserved 1179648K
  class space    used 13039K, committed 13568K, reserved 1048576K
}
Event: 3602.116 GC heap before
{Heap before GC invocations=38 (full 1):
 garbage-first heap   total 163840K, used 131253K [0x0000000709400000, 0x0000000800000000)
  region size 2048K, 43 young (88064K), 4 survivors (8192K)
 Metaspace       used 90285K, committed 91328K, reserved 1179648K
  class space    used 13175K, committed 13632K, reserved 1048576K
}
Event: 3602.126 GC heap after
{Heap after GC invocations=39 (full 1):
 garbage-first heap   total 163840K, used 55315K [0x0000000709400000, 0x0000000800000000)
  region size 2048K, 3 young (6144K), 3 survivors (6144K)
 Metaspace       used 90285K, committed 91328K, reserved 1179648K
  class space    used 13175K, committed 13632K, reserved 1048576K
}
Event: 3602.644 GC heap before
{Heap before GC invocations=39 (full 1):
 garbage-first heap   total 163840K, used 129043K [0x0000000709400000, 0x0000000800000000)
  region size 2048K, 39 young (79872K), 3 survivors (6144K)
 Metaspace       used 90722K, committed 91776K, reserved 1179648K
  class space    used 13218K, committed 13696K, reserved 1048576K
}
Event: 3602.650 GC heap after
{Heap after GC invocations=40 (full 1):
 garbage-first heap   total 163840K, used 58877K [0x0000000709400000, 0x0000000800000000)
  region size 2048K, 3 young (6144K), 3 survivors (6144K)
 Metaspace       used 90722K, committed 91776K, reserved 1179648K
  class space    used 13218K, committed 13696K, reserved 1048576K
}
Event: 3603.122 GC heap before
{Heap before GC invocations=40 (full 1):
 garbage-first heap   total 163840K, used 126461K [0x0000000709400000, 0x0000000800000000)
  region size 2048K, 36 young (73728K), 3 survivors (6144K)
 Metaspace       used 91563K, committed 92608K, reserved 1179648K
  class space    used 13282K, committed 13760K, reserved 1048576K
}
Event: 3603.126 GC heap after
{Heap after GC invocations=41 (full 1):
 garbage-first heap   total 163840K, used 63242K [0x0000000709400000, 0x0000000800000000)
  region size 2048K, 5 young (10240K), 5 survivors (10240K)
 Metaspace       used 91563K, committed 92608K, reserved 1179648K
  class space    used 13282K, committed 13760K, reserved 1048576K
}
Event: 3641.428 GC heap before
{Heap before GC invocations=41 (full 1):
 garbage-first heap   total 163840K, used 126730K [0x0000000709400000, 0x0000000800000000)
  region size 2048K, 36 young (73728K), 5 survivors (10240K)
 Metaspace       used 91714K, committed 92736K, reserved 1179648K
  class space    used 13297K, committed 13760K, reserved 1048576K
}
Event: 3641.433 GC heap after
{Heap after GC invocations=42 (full 1):
 garbage-first heap   total 163840K, used 66889K [0x0000000709400000, 0x0000000800000000)
  region size 2048K, 5 young (10240K), 5 survivors (10240K)
 Metaspace       used 91714K, committed 92736K, reserved 1179648K
  class space    used 13297K, committed 13760K, reserved 1048576K
}
Event: 3730.853 GC heap before
{Heap before GC invocations=42 (full 1):
 garbage-first heap   total 163840K, used 128329K [0x0000000709400000, 0x0000000800000000)
  region size 2048K, 35 young (71680K), 5 survivors (10240K)
 Metaspace       used 92322K, committed 93568K, reserved 1179648K
  class space    used 13405K, committed 13952K, reserved 1048576K
}
Event: 3730.857 GC heap after
{Heap after GC invocations=43 (full 1):
 garbage-first heap   total 163840K, used 69320K [0x0000000709400000, 0x0000000800000000)
  region size 2048K, 4 young (8192K), 4 survivors (8192K)
 Metaspace       used 92322K, committed 93568K, reserved 1179648K
  class space    used 13405K, committed 13952K, reserved 1048576K
}
Event: 3880.697 GC heap before
{Heap before GC invocations=43 (full 1):
 garbage-first heap   total 163840K, used 124616K [0x0000000709400000, 0x0000000800000000)
  region size 2048K, 32 young (65536K), 4 survivors (8192K)
 Metaspace       used 92341K, committed 93568K, reserved 1179648K
  class space    used 13410K, committed 13952K, reserved 1048576K
}

