# JRE version: Java(TM) SE Runtime Environment (17.0.10+11) (build 17.0.10+11-LTS-240)
# Java VM: Java HotSpot(TM) 64-Bit Server VM (17.0.10+11-LTS-240, mixed mode, emulated-client, sharing, tiered, compressed oops, compressed class ptrs, g1 gc, windows-amd64)
GC Precious Log:
 CPUs: 16 total, 16 available
 Memory: 15790M
 Large Page Support: Disabled
 NUMA Support: Disabled
 Compressed Oops: Enabled (Zero based)
 Heap Region Size: 2M
 Heap Min Capacity: 8M
 Heap Initial Capacity: 248M
 Heap Max Capacity: 3948M
 Pre-touch: Disabled
 Parallel Workers: 13
 Concurrent Workers: 3
 Concurrent Refinement Workers: 13
 Periodic GC: Disabled
Heap:
 garbage-first heap   total 122880K, used 98226K [0x0000000709400000, 0x0000000800000000)
  region size 2048K, 26 young (53248K), 3 survivors (6144K)
 Metaspace       used 81873K, committed 82560K, reserved 1179648K
  class space    used 11989K, committed 12288K, reserved 1048576K
GC Heap History (20 events):
Event: 6.196 GC heap after
{Heap after GC invocations=19 (full 0):
 garbage-first heap   total 83968K, used 35798K [0x0000000709400000, 0x0000000800000000)
  region size 2048K, 2 young (4096K), 2 survivors (4096K)
 Metaspace       used 68747K, committed 69312K, reserved 1114112K
  class space    used 10039K, committed 10304K, reserved 1048576K
}
Event: 6.270 GC heap before
{Heap before GC invocations=19 (full 0):
 garbage-first heap   total 83968K, used 64470K [0x0000000709400000, 0x0000000800000000)
  region size 2048K, 16 young (32768K), 2 survivors (4096K)
 Metaspace       used 68853K, committed 69440K, reserved 1114112K
  class space    used 10063K, committed 10368K, reserved 1048576K
}
Event: 6.273 GC heap after
{Heap after GC invocations=20 (full 0):
 garbage-first heap   total 83968K, used 37853K [0x0000000709400000, 0x0000000800000000)
  region size 2048K, 2 young (4096K), 2 survivors (4096K)
 Metaspace       used 68853K, committed 69440K, reserved 1114112K
  class space    used 10063K, committed 10368K, reserved 1048576K
}
Event: 6.453 GC heap before
{Heap before GC invocations=20 (full 0):
 garbage-first heap   total 83968K, used 64477K [0x0000000709400000, 0x0000000800000000)
  region size 2048K, 15 young (30720K), 2 survivors (4096K)
 Metaspace       used 69470K, committed 70080K, reserved 1114112K
  class space    used 10147K, committed 10432K, reserved 1048576K
}
Event: 6.455 GC heap after
{Heap after GC invocations=21 (full 0):
 garbage-first heap   total 102400K, used 38622K [0x0000000709400000, 0x0000000800000000)
  region size 2048K, 2 young (4096K), 2 survivors (4096K)
 Metaspace       used 69470K, committed 70080K, reserved 1114112K
  class space    used 10147K, committed 10432K, reserved 1048576K
}
Event: 6.551 GC heap before
{Heap before GC invocations=21 (full 0):
 garbage-first heap   total 102400K, used 79582K [0x0000000709400000, 0x0000000800000000)
  region size 2048K, 22 young (45056K), 2 survivors (4096K)
 Metaspace       used 69537K, committed 70208K, reserved 1114112K
  class space    used 10173K, committed 10496K, reserved 1048576K
}
Event: 6.553 GC heap after
{Heap after GC invocations=22 (full 0):
 garbage-first heap   total 102400K, used 40040K [0x0000000709400000, 0x0000000800000000)
  region size 2048K, 3 young (6144K), 3 survivors (6144K)
 Metaspace       used 69537K, committed 70208K, reserved 1114112K
  class space    used 10173K, committed 10496K, reserved 1048576K
}
Event: 6.623 GC heap before
{Heap before GC invocations=22 (full 0):
 garbage-first heap   total 102400K, used 78952K [0x0000000709400000, 0x0000000800000000)
  region size 2048K, 22 young (45056K), 3 survivors (6144K)
 Metaspace       used 69539K, committed 70208K, reserved 1114112K
  class space    used 10173K, committed 10496K, reserved 1048576K
}
Event: 6.625 GC heap after
{Heap after GC invocations=23 (full 0):
 garbage-first heap   total 102400K, used 39830K [0x0000000709400000, 0x0000000800000000)
  region size 2048K, 1 young (2048K), 1 survivors (2048K)
 Metaspace       used 69539K, committed 70208K, reserved 1114112K
  class space    used 10173K, committed 10496K, reserved 1048576K
}
Event: 6.696 GC heap before
{Heap before GC invocations=23 (full 0):
 garbage-first heap   total 102400K, used 82838K [0x0000000709400000, 0x0000000800000000)
  region size 2048K, 22 young (45056K), 1 survivors (2048K)
 Metaspace       used 69544K, committed 70208K, reserved 1114112K
  class space    used 10173K, committed 10496K, reserved 1048576K
}
Event: 6.697 GC heap after
{Heap after GC invocations=24 (full 0):
 garbage-first heap   total 102400K, used 41067K [0x0000000709400000, 0x0000000800000000)
  region size 2048K, 2 young (4096K), 2 survivors (4096K)
 Metaspace       used 69544K, committed 70208K, reserved 1114112K
  class space    used 10173K, committed 10496K, reserved 1048576K
}
Event: 6.893 GC heap before
{Heap before GC invocations=24 (full 0):
 garbage-first heap   total 102400K, used 82027K [0x0000000709400000, 0x0000000800000000)
  region size 2048K, 22 young (45056K), 2 survivors (4096K)
 Metaspace       used 70281K, committed 70912K, reserved 1114112K
  class space    used 10276K, committed 10560K, reserved 1048576K
}
Event: 6.895 GC heap after
{Heap after GC invocations=25 (full 0):
 garbage-first heap   total 122880K, used 41976K [0x0000000709400000, 0x0000000800000000)
  region size 2048K, 2 young (4096K), 2 survivors (4096K)
 Metaspace       used 70281K, committed 70912K, reserved 1114112K
  class space    used 10276K, committed 10560K, reserved 1048576K
}
Event: 7.504 GC heap before
{Heap before GC invocations=25 (full 0):
 garbage-first heap   total 122880K, used 99320K [0x0000000709400000, 0x0000000800000000)
  region size 2048K, 30 young (61440K), 2 survivors (4096K)
 Metaspace       used 72236K, committed 72832K, reserved 1114112K
  class space    used 10543K, committed 10816K, reserved 1048576K
}
Event: 7.507 GC heap after
{Heap after GC invocations=26 (full 0):
 garbage-first heap   total 122880K, used 44972K [0x0000000709400000, 0x0000000800000000)
  region size 2048K, 4 young (8192K), 4 survivors (8192K)
 Metaspace       used 72236K, committed 72832K, reserved 1114112K
  class space    used 10543K, committed 10816K, reserved 1048576K
}
Event: 7.896 GC heap before
{Heap before GC invocations=26 (full 0):
 garbage-first heap   total 122880K, used 75692K [0x0000000709400000, 0x0000000800000000)
  region size 2048K, 20 young (40960K), 4 survivors (8192K)
 Metaspace       used 73975K, committed 74560K, reserved 1114112K
  class space    used 10805K, committed 11072K, reserved 1048576K
}
Event: 7.901 GC heap after
{Heap after GC invocations=27 (full 0):
 garbage-first heap   total 122880K, used 47782K [0x0000000709400000, 0x0000000800000000)
  region size 2048K, 3 young (6144K), 3 survivors (6144K)
 Metaspace       used 73975K, committed 74560K, reserved 1114112K
  class space    used 10805K, committed 11072K, reserved 1048576K
}
Event: 12.933 GC heap before
{Heap before GC invocations=28 (full 0):
 garbage-first heap   total 122880K, used 96934K [0x0000000709400000, 0x0000000800000000)
  region size 2048K, 28 young (57344K), 3 survivors (6144K)
 Metaspace       used 80493K, committed 81152K, reserved 1179648K
  class space    used 11792K, committed 12096K, reserved 1048576K
}
Event: 12.937 GC heap after
{Heap after GC invocations=29 (full 0):
 garbage-first heap   total 122880K, used 51122K [0x0000000709400000, 0x0000000800000000)
  region size 2048K, 4 young (8192K), 4 survivors (8192K)
 Metaspace       used 80493K, committed 81152K, reserved 1179648K
  class space    used 11792K, committed 12096K, reserved 1048576K
}
Event: 245.570 GC heap before
{Heap before GC invocations=29 (full 0):
 garbage-first heap   total 122880K, used 96178K [0x0000000709400000, 0x0000000800000000)
  region size 2048K, 27 young (55296K), 4 survivors (8192K)
 Metaspace       used 81873K, committed 82560K, reserved 1179648K
  class space    used 11989K, committed 12288K, reserved 1048576K
}

